Error: No se pudo acceder a /home/edgar/Escritorio/proyecto
Error: No se pudo acceder a /home/edgar/Escritorio/proyecto
[2025-04-11 09:26:01] Iniciando proceso de backup y commit...
[2025-04-11 09:26:01] Backup creado: /home/edgar/Escritorio/taller_SO/ejercicio_4/backup/backup_20250411092601.tar.gz
[master 610b2ee] Auto-commit 2025-04-11 09:26:01
 3 files changed, 31 insertions(+), 19 deletions(-)
 create mode 100644 ejercicio_4/backup/backup_20250411092601.tar.gz
 create mode 100644 ejercicio_4/backup/proyecto.log
 mode change 100644 => 100755 ejercicio_4/backup_commit.sh
Agent pid 5687
/home/edgar/.ssh/id_rsa: No such file or directory
error: no se puede pull con rebase: Tienes cambios sin marcar.
error: Por favor, confírmalos o guárdalos.
error: src refspec main no concuerda con ninguno
error: falló el empuje de algunas referencias a 'github.com:edgarG1999/taller_SO.git'
[2025-04-11 09:26:01] Error al sincronizar con GitHub
[2025-04-11 09:26:01] Proceso completado. Estado: 0
[2025-04-11 09:27:01] Iniciando proceso de backup y commit...
[2025-04-11 09:27:02] Backup creado: /home/edgar/Escritorio/taller_SO/ejercicio_4/backup/backup_20250411092701.tar.gz
[master 8b2e594] Auto-commit 2025-04-11 09:27:02
 2 files changed, 15 insertions(+)
 create mode 100644 ejercicio_4/backup/backup_20250411092701.tar.gz
Agent pid 5733
/home/edgar/.ssh/id_rsa: No such file or directory
error: no se puede pull con rebase: Tienes cambios sin marcar.
error: Por favor, confírmalos o guárdalos.
error: src refspec main no concuerda con ninguno
error: falló el empuje de algunas referencias a 'github.com:edgarG1999/taller_SO.git'
[2025-04-11 09:27:02] Error al sincronizar con GitHub
[2025-04-11 09:27:02] Proceso completado. Estado: 0
[2025-04-11 09:28:01] Iniciando proceso de backup y commit...
[2025-04-11 09:28:01] Backup creado: /home/edgar/Escritorio/taller_SO/ejercicio_4/backup/backup_20250411092801.tar.gz
[master 7597241] Auto-commit 2025-04-11 09:28:01
 2 files changed, 13 insertions(+)
 create mode 100644 ejercicio_4/backup/backup_20250411092801.tar.gz
Agent pid 5783
/home/edgar/.ssh/id_rsa: No such file or directory
error: no se puede pull con rebase: Tienes cambios sin marcar.
error: Por favor, confírmalos o guárdalos.
error: src refspec main no concuerda con ninguno
error: falló el empuje de algunas referencias a 'github.com:edgarG1999/taller_SO.git'
[2025-04-11 09:28:01] Error al sincronizar con GitHub
[2025-04-11 09:28:01] Proceso completado. Estado: 0
[2025-04-11 09:33:01] Iniciando proceso de backup y commit...
[2025-04-11 09:33:01] Backup creado: /home/edgar/Escritorio/taller_SO/ejercicio_4/backup/backup_20250411093301.tar.gz
Desde github.com:edgarG1999/taller_SO
 * branch            master     -> FETCH_HEAD
error: no se puede rebase: Tienes cambios sin marcar.
error: Por favor, confírmalos o guárdalos.
To github.com:edgarG1999/taller_SO.git
   95452bb..a4e8b7b  master -> master
[2025-04-11 09:33:04] Cambios sincronizados con GitHub
[2025-04-11 09:33:04] Proceso completado. Estado: 0
[2025-04-11 09:34:01] Iniciando proceso de backup y commit...
tar: /home/edgar/Escritorio/taller_SO/ejercicio_4/backup: el fichero cambió mientras se estaba leyendo
[2025-04-11 09:34:01] Error al crear el backup
Desde github.com:edgarG1999/taller_SO
 * branch            master     -> FETCH_HEAD
error: no se puede rebase: Tienes cambios sin marcar.
error: Por favor, confírmalos o guárdalos.
To github.com:edgarG1999/taller_SO.git
   a4e8b7b..52f03ec  master -> master
[2025-04-11 09:34:03] Cambios sincronizados con GitHub
[2025-04-11 09:34:03] Proceso completado. Estado: 0
[2025-04-11 09:35:01] Iniciando proceso de backup y commit...
[2025-04-11 09:35:01] Backup creado: /home/edgar/Escritorio/taller_SO/ejercicio_4/backup/backup_20250411093501.tar.gz
Desde github.com:edgarG1999/taller_SO
 * branch            master     -> FETCH_HEAD
error: no se puede rebase: Tienes cambios sin marcar.
error: Por favor, confírmalos o guárdalos.
To github.com:edgarG1999/taller_SO.git
   52f03ec..9632ecd  master -> master
[2025-04-11 09:35:03] Cambios sincronizados con GitHub
[2025-04-11 09:35:03] Proceso completado. Estado: 0
[2025-04-11 09:36:01] Iniciando proceso de backup y commit...
[2025-04-11 09:36:02] Backup creado: /home/edgar/Escritorio/taller_SO/ejercicio_4/backup/backup_20250411093601.tar.gz
Desde github.com:edgarG1999/taller_SO
 * branch            master     -> FETCH_HEAD
error: no se puede rebase: Tienes cambios sin marcar.
error: Por favor, confírmalos o guárdalos.
To github.com:edgarG1999/taller_SO.git
   9632ecd..fe60223  master -> master
[2025-04-11 09:36:04] Cambios sincronizados con GitHub
[2025-04-11 09:36:04] Proceso completado. Estado: 0
[2025-04-11 09:37:01] Iniciando proceso de backup y commit...
[2025-04-11 09:37:01] Backup creado: /home/edgar/Escritorio/taller_SO/ejercicio_4/backup/backup_20250411093701.tar.gz
Desde github.com:edgarG1999/taller_SO
 * branch            master     -> FETCH_HEAD
error: no se puede rebase: Tienes cambios sin marcar.
error: Por favor, confírmalos o guárdalos.
To github.com:edgarG1999/taller_SO.git
   fe60223..ad23440  master -> master
[2025-04-11 09:37:04] Cambios sincronizados con GitHub
[2025-04-11 09:37:04] Proceso completado. Estado: 0
[2025-04-11 09:38:01] Iniciando proceso de backup y commit...
[2025-04-11 09:38:01] Backup creado: /home/edgar/Escritorio/taller_SO/ejercicio_4/backup/backup_20250411093801.tar.gz
Desde github.com:edgarG1999/taller_SO
 * branch            master     -> FETCH_HEAD
error: no se puede rebase: Tienes cambios sin marcar.
error: Por favor, confírmalos o guárdalos.
To github.com:edgarG1999/taller_SO.git
   ad23440..af2c870  master -> master
[2025-04-11 09:38:03] Cambios sincronizados con GitHub
[2025-04-11 09:38:03] Proceso completado. Estado: 0
[2025-04-11 09:39:01] Iniciando proceso de backup y commit...
[2025-04-11 09:39:02] Backup creado: /home/edgar/Escritorio/taller_SO/ejercicio_4/backup/backup_20250411093901.tar.gz
Desde github.com:edgarG1999/taller_SO
 * branch            master     -> FETCH_HEAD
error: no se puede rebase: Tienes cambios sin marcar.
error: Por favor, confírmalos o guárdalos.
To github.com:edgarG1999/taller_SO.git
   af2c870..86ad082  master -> master
[2025-04-11 09:39:04] Cambios sincronizados con GitHub
[2025-04-11 09:39:04] Proceso completado. Estado: 0
[2025-04-11 09:40:01] Iniciando proceso de backup y commit...
[2025-04-11 09:40:01] Backup creado: /home/edgar/Escritorio/taller_SO/ejercicio_4/backup/backup_20250411094001.tar.gz
Desde github.com:edgarG1999/taller_SO
 * branch            master     -> FETCH_HEAD
error: no se puede rebase: Tienes cambios sin marcar.
error: Por favor, confírmalos o guárdalos.
To github.com:edgarG1999/taller_SO.git
   86ad082..e4fa1f2  master -> master
[2025-04-11 09:40:05] Cambios sincronizados con GitHub
[2025-04-11 09:40:05] Proceso completado. Estado: 0
[2025-04-11 09:41:01] Iniciando proceso de backup y commit...
tar: /home/edgar/Escritorio/taller_SO/ejercicio_4/backup: el fichero cambió mientras se estaba leyendo
[2025-04-11 09:41:01] Error al crear el backup
Desde github.com:edgarG1999/taller_SO
 * branch            master     -> FETCH_HEAD
error: no se puede rebase: Tienes cambios sin marcar.
error: Por favor, confírmalos o guárdalos.
To github.com:edgarG1999/taller_SO.git
   e4fa1f2..fa46050  master -> master
[2025-04-11 09:41:05] Cambios sincronizados con GitHub
[2025-04-11 09:41:05] Proceso completado. Estado: 0
[2025-04-11 09:42:01] Iniciando proceso de backup y commit...
tar: /home/edgar/Escritorio/taller_SO/ejercicio_4/backup/backup_20250411094201.tar.gz: el fichero cambió mientras se estaba leyendo
[2025-04-11 09:42:02] Error al crear el backup
Desde github.com:edgarG1999/taller_SO
 * branch            master     -> FETCH_HEAD
error: no se puede rebase: Tienes cambios sin marcar.
error: Por favor, confírmalos o guárdalos.
To github.com:edgarG1999/taller_SO.git
   fa46050..78cf6ea  master -> master
[2025-04-11 09:42:06] Cambios sincronizados con GitHub
[2025-04-11 09:42:06] Proceso completado. Estado: 0
[2025-04-11 09:43:01] Iniciando proceso de backup y commit...
tar: /home/edgar/Escritorio/taller_SO/ejercicio_4/backup/backup_20250411094301.tar.gz: el fichero cambió mientras se estaba leyendo
[2025-04-11 09:43:02] Error al crear el backup
Desde github.com:edgarG1999/taller_SO
 * branch            master     -> FETCH_HEAD
error: no se puede rebase: Tienes cambios sin marcar.
error: Por favor, confírmalos o guárdalos.
To github.com:edgarG1999/taller_SO.git
   78cf6ea..4ff489b  master -> master
[2025-04-11 09:43:12] Cambios sincronizados con GitHub
[2025-04-11 09:43:12] Proceso completado. Estado: 0
[2025-04-11 09:44:01] Iniciando proceso de backup y commit...
tar: /home/edgar/Escritorio/taller_SO/ejercicio_4/backup/backup_20250411094401.tar.gz: el fichero cambió mientras se estaba leyendo
[2025-04-11 09:44:02] Error al crear el backup
Desde github.com:edgarG1999/taller_SO
 * branch            master     -> FETCH_HEAD
error: no se puede rebase: Tienes cambios sin marcar.
error: Por favor, confírmalos o guárdalos.
To github.com:edgarG1999/taller_SO.git
   4ff489b..4d952fd  master -> master
[2025-04-11 09:44:14] Cambios sincronizados con GitHub
[2025-04-11 09:44:14] Proceso completado. Estado: 0
[2025-04-11 09:45:01] Iniciando proceso de backup y commit...
tar: /home/edgar/Escritorio/taller_SO/ejercicio_4/backup/backup_20250411094501.tar.gz: el fichero cambió mientras se estaba leyendo
[2025-04-11 09:45:04] Error al crear el backup
Desde github.com:edgarG1999/taller_SO
 * branch            master     -> FETCH_HEAD
error: no se puede rebase: Tienes cambios sin marcar.
error: Por favor, confírmalos o guárdalos.
remote: warning: See https://gh.io/lfs for more information.        
remote: warning: File ejercicio_4/backup/backup_20250411094501.tar.gz is 76.67 MB; this is larger than GitHub's recommended maximum file size of 50.00 MB        
remote: warning: GH001: Large files detected. You may want to try Git Large File Storage - https://git-lfs.github.com.        
To github.com:edgarG1999/taller_SO.git
   4d952fd..3b00b0b  master -> master
[2025-04-11 09:45:23] Cambios sincronizados con GitHub
[2025-04-11 09:45:23] Proceso completado. Estado: 0
[2025-04-11 09:46:01] Iniciando proceso de backup y commit...
tar: /home/edgar/Escritorio/taller_SO/ejercicio_4/backup/backup_20250411094601.tar.gz: el fichero cambió mientras se estaba leyendo
[2025-04-11 09:46:10] Error al crear el backup
Desde github.com:edgarG1999/taller_SO
 * branch            master     -> FETCH_HEAD
error: no se puede rebase: Tienes cambios sin marcar.
error: Por favor, confírmalos o guárdalos.
[2025-04-11 09:49:01] Iniciando proceso de backup y commit...
remote: error: Trace: 07f61c566b069b1aa4c9f3bb1d021a50e7720b94ac63df3c44bdfffc71310b11        
remote: error: See https://gh.io/lfs for more information.        
remote: error: File ejercicio_4/backup/backup_20250411094601.tar.gz is 230.37 MB; this exceeds GitHub's file size limit of 100.00 MB        
remote: error: GH001: Large files detected. You may want to try Git Large File Storage - https://git-lfs.github.com.        
To github.com:edgarG1999/taller_SO.git
 ! [remote rejected] master -> master (pre-receive hook declined)
error: falló el empuje de algunas referencias a 'github.com:edgarG1999/taller_SO.git'
[2025-04-11 09:49:09] Error al sincronizar con GitHub
tar: /home/edgar/Escritorio/taller_SO/ejercicio_4/backup/backup_20250411094901.tar.gz: el fichero cambió mientras se estaba leyendo
[2025-04-11 09:51:01] Iniciando proceso de backup y commit...
[2025-04-11 09:52:01] Iniciando proceso de backup y commit...
[2025-04-11 09:53:01] Iniciando proceso de backup y commit...
[2025-04-11 09:54:01] Iniciando proceso de backup y commit...
[2025-04-11 09:58:02] Iniciando proceso de backup y commit...
[2025-04-11 09:59:02] Iniciando proceso de backup y commit...
tar: /home/edgar/Escritorio/taller_SO/ejercicio_4/backup/backup_20250411095902.tar.gz: el fichero cambió mientras se estaba leyendo
tar: /home/edgar/Escritorio/taller_SO/ejercicio_4/backup/backup_20250411095101.tar.gz: el fichero cambió mientras se estaba leyendo
[2025-04-11 10:00:02] Iniciando proceso de backup y commit...
[2025-04-11 10:01:02] Iniciando proceso de backup y commit...
tar: /home/edgar/Escritorio/taller_SO/ejercicio_4/backup/backup_20250411095902.tar.gz: el fichero cambió mientras se estaba leyendo
[2025-04-11 10:02:01] Iniciando proceso de backup y commit...
[2025-04-11 10:04:01] Iniciando proceso de backup y commit...
tar: /home/edgar/Escritorio/taller_SO/ejercicio_4/backup/backup_20250411095902.tar.gz: el fichero cambió mientras se estaba leyendo
[2025-04-11 10:05:01] Iniciando proceso de backup y commit...
[2025-04-11 10:06:01] Iniciando proceso de backup y commit...
tar: /home/edgar/Escritorio/taller_SO/ejercicio_4/backup/backup_20250411095201.tar.gz: el fichero cambió mientras se estaba leyendo
[2025-04-11 10:07:01] Iniciando proceso de backup y commit...
tar: /home/edgar/Escritorio/taller_SO/ejercicio_4/backup/backup_20250411095902.tar.gz: el fichero cambió mientras se estaba leyendo
[2025-04-11 10:08:01] Iniciando proceso de backup y commit...
tar: /home/edgar/Escritorio/taller_SO/ejercicio_4/backup: el fichero cambió mientras se estaba leyendo
tar: /home/edgar/Escritorio/taller_SO/ejercicio_4/backup/backup_20250411095902.tar.gz: el fichero cambió mientras se estaba leyendo
tar: /home/edgar/Escritorio/taller_SO/ejercicio_4/backup/backup_20250411100201.tar.gz: el fichero cambió mientras se estaba leyendo
tar: /home/edgar/Escritorio/taller_SO/ejercicio_4/backup/backup_20250411095902.tar.gz: el fichero cambió mientras se estaba leyendo
tar: /home/edgar/Escritorio/taller_SO/ejercicio_4/backup/backup_20250411095902.tar.gz: el fichero cambió mientras se estaba leyendo
tar: /home/edgar/Escritorio/taller_SO/ejercicio_4/backup/backup_20250411095902.tar.gz: el fichero cambió mientras se estaba leyendo
tar: /home/edgar/Escritorio/taller_SO/ejercicio_4/backup/backup_20250411095902.tar.gz: el fichero cambió mientras se estaba leyendo
tar: /home/edgar/Escritorio/taller_SO/ejercicio_4/backup/backup_20250411095201.tar.gz: el fichero cambió mientras se estaba leyendo
tar: /home/edgar/Escritorio/taller_SO/ejercicio_4/backup/backup_20250411095902.tar.gz: el fichero cambió mientras se estaba leyendo
tar: /home/edgar/Escritorio/taller_SO/ejercicio_4/backup/backup_20250411100201.tar.gz: el fichero cambió mientras se estaba leyendo
[2025-04-11 10:44:01] Iniciando proceso de backup y commit...
[2025-04-11 10:45:01] Iniciando proceso de backup y commit...
[2025-04-11 10:46:02] Iniciando proceso de backup y commit...
[2025-04-11 10:47:01] Iniciando proceso de backup y commit...
[2025-04-11 10:48:01] Iniciando proceso de backup y commit...
tar: /home/edgar/Escritorio/taller_SO/ejercicio_4/backup/backup_20250411093701.tar.gz: El fichero fue borrado antes de leerlo
tar: /home/edgar/Escritorio/taller_SO/ejercicio_4/backup/backup_20250411094901.tar.gz: El fichero fue borrado antes de leerlo
tar: /home/edgar/Escritorio/taller_SO/ejercicio_4/backup/backup_20250411094501.tar.gz: El fichero fue borrado antes de leerlo
tar: /home/edgar/Escritorio/taller_SO/ejercicio_4/backup/backup_20250411100601.tar.gz: El fichero fue borrado antes de leerlo
tar: /home/edgar/Escritorio/taller_SO/ejercicio_4/backup/backup_20250411093701.tar.gz: El fichero fue borrado antes de leerlo
tar: /home/edgar/Escritorio/taller_SO/ejercicio_4/backup/backup_20250411094901.tar.gz: El fichero fue borrado antes de leerlo
tar: /home/edgar/Escritorio/taller_SO/ejercicio_4/backup/backup_20250411104401.tar.gz: El fichero fue borrado antes de leerlo
tar: /home/edgar/Escritorio/taller_SO/ejercicio_4/backup/backup_20250411094601.tar.gz: El fichero fue borrado antes de leerlo
tar: /home/edgar/Escritorio/taller_SO/ejercicio_4/backup/backup_20250411095201.tar.gz: El fichero fue borrado antes de leerlo
tar: /home/edgar/Escritorio/taller_SO/ejercicio_4/backup/backup_20250411094401.tar.gz: El fichero fue borrado antes de leerlo
tar: /home/edgar/Escritorio/taller_SO/ejercicio_4/backup/backup_20250411094201.tar.gz: El fichero fue borrado antes de leerlo
tar: /home/edgar/Escritorio/taller_SO/ejercicio_4/backup/backup_20250411092801.tar.gz: El fichero fue borrado antes de leerlo
tar: /home/edgar/Escritorio/taller_SO/ejercicio_4/backup/backup_20250411100833.tar.gz: El fichero fue borrado antes de leerlo
tar: /home/edgar/Escritorio/taller_SO/ejercicio_4/backup/backup_20250411100501.tar.gz: El fichero fue borrado antes de leerlo
tar: /home/edgar/Escritorio/taller_SO/ejercicio_4/backup/backup_20250411095301.tar.gz: El fichero fue borrado antes de leerlo
tar: /home/edgar/Escritorio/taller_SO/ejercicio_4/backup/backup_20250411093901.tar.gz: El fichero fue borrado antes de leerlo
tar: /home/edgar/Escritorio/taller_SO/ejercicio_4/backup/backup_20250411093301.tar.gz: El fichero fue borrado antes de leerlo
tar: /home/edgar/Escritorio/taller_SO/ejercicio_4/backup/backup_20250411093801.tar.gz: El fichero fue borrado antes de leerlo
tar: /home/edgar/Escritorio/taller_SO/ejercicio_4/backup/backup_20250411095101.tar.gz: El fichero fue borrado antes de leerlo
tar: /home/edgar/Escritorio/taller_SO/ejercicio_4/backup/backup_20250411100801.tar.gz: El fichero fue borrado antes de leerlo
tar: /home/edgar/Escritorio/taller_SO/ejercicio_4/backup/backup_20250411093601.tar.gz: El fichero fue borrado antes de leerlo
tar: /home/edgar/Escritorio/taller_SO/ejercicio_4/backup/backup_20250411093401.tar.gz: El fichero fue borrado antes de leerlo
tar: /home/edgar/Escritorio/taller_SO/ejercicio_4/backup/backup_20250411095401.tar.gz: El fichero fue borrado antes de leerlo
tar: /home/edgar/Escritorio/taller_SO/ejercicio_4/backup/backup_20250411094801.tar.gz: El fichero fue borrado antes de leerlo
tar: /home/edgar/Escritorio/taller_SO/ejercicio_4/backup/backup_20250411100102.tar.gz: El fichero fue borrado antes de leerlo
tar: /home/edgar/Escritorio/taller_SO/ejercicio_4/backup/backup_20250411100002.tar.gz: El fichero fue borrado antes de leerlo
tar: /home/edgar/Escritorio/taller_SO/ejercicio_4/backup/backup_20250411092701.tar.gz: El fichero fue borrado antes de leerlo
tar: /home/edgar/Escritorio/taller_SO/ejercicio_4/backup/backup_20250411100401.tar.gz: El fichero fue borrado antes de leerlo
tar: /home/edgar/Escritorio/taller_SO/ejercicio_4/backup/backup_20250411094301.tar.gz: El fichero fue borrado antes de leerlo
tar: /home/edgar/Escritorio/taller_SO/ejercicio_4/backup/backup_20250411104501.tar.gz: El fichero fue borrado antes de leerlo
tar: /home/edgar/Escritorio/taller_SO/ejercicio_4/backup/backup_20250411094101.tar.gz: El fichero fue borrado antes de leerlo
tar: /home/edgar/Escritorio/taller_SO/ejercicio_4/backup/backup_20250411095802.tar.gz: El fichero fue borrado antes de leerlo
tar: /home/edgar/Escritorio/taller_SO/ejercicio_4/backup/backup_20250411092601.tar.gz: El fichero fue borrado antes de leerlo
tar: /home/edgar/Escritorio/taller_SO/ejercicio_4/backup/backup_20250411100701.tar.gz: El fichero fue borrado antes de leerlo
tar: /home/edgar/Escritorio/taller_SO/ejercicio_4/backup: el fichero cambió mientras se estaba leyendo
tar: /home/edgar/Escritorio/taller_SO/ejercicio_4/backup/backup_20250411094501.tar.gz: El fichero fue borrado antes de leerlo
tar: /home/edgar/Escritorio/taller_SO/ejercicio_4/backup/backup_20250411100601.tar.gz: El fichero fue borrado antes de leerlo
tar: /home/edgar/Escritorio/taller_SO/ejercicio_4/backup/backup_20250411093701.tar.gz: El fichero fue borrado antes de leerlo
tar: /home/edgar/Escritorio/taller_SO/ejercicio_4/backup/backup_20250411094901.tar.gz: El fichero fue borrado antes de leerlo
tar: /home/edgar/Escritorio/taller_SO/ejercicio_4/backup/backup_20250411104401.tar.gz: El fichero fue borrado antes de leerlo
tar: /home/edgar/Escritorio/taller_SO/ejercicio_4/backup/backup_20250411094601.tar.gz: El fichero fue borrado antes de leerlo
tar: /home/edgar/Escritorio/taller_SO/ejercicio_4/backup/backup_20250411095201.tar.gz: El fichero fue borrado antes de leerlo
tar: /home/edgar/Escritorio/taller_SO/ejercicio_4/backup/backup_20250411094401.tar.gz: El fichero fue borrado antes de leerlo
tar: /home/edgar/Escritorio/taller_SO/ejercicio_4/backup/backup_20250411094201.tar.gz: El fichero fue borrado antes de leerlo
tar: /home/edgar/Escritorio/taller_SO/ejercicio_4/backup/backup_20250411092801.tar.gz: El fichero fue borrado antes de leerlo
tar: /home/edgar/Escritorio/taller_SO/ejercicio_4/backup/backup_20250411100833.tar.gz: El fichero fue borrado antes de leerlo
tar: /home/edgar/Escritorio/taller_SO/ejercicio_4/backup/backup_20250411100501.tar.gz: El fichero fue borrado antes de leerlo
tar: /home/edgar/Escritorio/taller_SO/ejercicio_4/backup/backup_20250411095301.tar.gz: El fichero fue borrado antes de leerlo
tar: /home/edgar/Escritorio/taller_SO/ejercicio_4/backup/backup_20250411093901.tar.gz: El fichero fue borrado antes de leerlo
tar: /home/edgar/Escritorio/taller_SO/ejercicio_4/backup/backup_20250411104602.tar.gz: El fichero fue borrado antes de leerlo
tar: /home/edgar/Escritorio/taller_SO/ejercicio_4/backup/backup_20250411093301.tar.gz: El fichero fue borrado antes de leerlo
tar: /home/edgar/Escritorio/taller_SO/ejercicio_4/backup/backup_20250411093801.tar.gz: El fichero fue borrado antes de leerlo
tar: /home/edgar/Escritorio/taller_SO/ejercicio_4/backup/backup_20250411095101.tar.gz: El fichero fue borrado antes de leerlo
tar: /home/edgar/Escritorio/taller_SO/ejercicio_4/backup/backup_20250411100801.tar.gz: El fichero fue borrado antes de leerlo
tar: /home/edgar/Escritorio/taller_SO/ejercicio_4/backup/backup_20250411093601.tar.gz: El fichero fue borrado antes de leerlo
tar: /home/edgar/Escritorio/taller_SO/ejercicio_4/backup/backup_20250411093401.tar.gz: El fichero fue borrado antes de leerlo
tar: /home/edgar/Escritorio/taller_SO/ejercicio_4/backup/backup_20250411095401.tar.gz: El fichero fue borrado antes de leerlo
tar: /home/edgar/Escritorio/taller_SO/ejercicio_4/backup/backup_20250411094801.tar.gz: El fichero fue borrado antes de leerlo
tar: /home/edgar/Escritorio/taller_SO/ejercicio_4/backup/backup_20250411100102.tar.gz: El fichero fue borrado antes de leerlo
tar: /home/edgar/Escritorio/taller_SO/ejercicio_4/backup/backup_20250411100002.tar.gz: El fichero fue borrado antes de leerlo
tar: /home/edgar/Escritorio/taller_SO/ejercicio_4/backup/backup_20250411092701.tar.gz: El fichero fue borrado antes de leerlo
tar: /home/edgar/Escritorio/taller_SO/ejercicio_4/backup/backup_20250411100401.tar.gz: El fichero fue borrado antes de leerlo
tar: /home/edgar/Escritorio/taller_SO/ejercicio_4/backup/backup_20250411094301.tar.gz: El fichero fue borrado antes de leerlo
tar: /home/edgar/Escritorio/taller_SO/ejercicio_4/backup/backup_20250411104501.tar.gz: El fichero fue borrado antes de leerlo
tar: /home/edgar/Escritorio/taller_SO/ejercicio_4/backup/backup_20250411094101.tar.gz: El fichero fue borrado antes de leerlo
tar: /home/edgar/Escritorio/taller_SO/ejercicio_4/backup/backup_20250411095802.tar.gz: El fichero fue borrado antes de leerlo
tar: /home/edgar/Escritorio/taller_SO/ejercicio_4/backup/backup_20250411092601.tar.gz: El fichero fue borrado antes de leerlo
tar: /home/edgar/Escritorio/taller_SO/ejercicio_4/backup/backup_20250411100701.tar.gz: El fichero fue borrado antes de leerlo
tar: /home/edgar/Escritorio/taller_SO/ejercicio_4/backup: el fichero cambió mientras se estaba leyendo
